{"C:\\Users\\jaswa\\Documents\\GitHub\\invoiceproj\\mission_control\\class.ts": {"path":"C:\\Users\\jaswa\\Documents\\GitHub\\invoiceproj\\mission_control\\class.ts","statementMap":{"0":{"start":{"line":5,"column":4},"end":{"line":5,"column":19}},"1":{"start":{"line":6,"column":4},"end":{"line":6,"column":28}},"2":{"start":{"line":7,"column":4},"end":{"line":7,"column":33}},"3":{"start":{"line":1,"column":0},"end":{"line":1,"column":13}}},"fnMap":{"0":{"name":"(anonymous_0)","decl":{"start":{"line":4,"column":2},"end":{"line":4,"column":14}},"loc":{"start":{"line":4,"column":49},"end":{"line":8,"column":3}}}},"branchMap":{},"s":{"0":0,"1":0,"2":0,"3":1},"f":{"0":0},"b":{}}
,"C:\\Users\\jaswa\\Documents\\GitHub\\invoiceproj\\mission_control\\AWS\\datastore.ts": {"path":"C:\\Users\\jaswa\\Documents\\GitHub\\invoiceproj\\mission_control\\AWS\\datastore.ts","statementMap":{"0":{"start":{"line":1,"column":0},"end":{"line":1,"column":26}},"1":{"start":{"line":2,"column":0},"end":{"line":2,"column":28}},"2":{"start":{"line":4,"column":0},"end":{"line":4,"column":16}},"3":{"start":{"line":6,"column":13},"end":{"line":15,"column":2}},"4":{"start":{"line":17,"column":0},"end":{"line":17,"column":20}}},"fnMap":{},"branchMap":{"0":{"loc":{"start":{"line":8,"column":17},"end":{"line":8,"column":46}},"type":"binary-expr","locations":[{"start":{"line":8,"column":17},"end":{"line":8,"column":36}},{"start":{"line":8,"column":40},"end":{"line":8,"column":46}}]}},"s":{"0":1,"1":1,"2":1,"3":1,"4":1},"f":{},"b":{"0":[1,0]}}
,"C:\\Users\\jaswa\\Documents\\GitHub\\invoiceproj\\mission_control\\AWS\\auth\\auth.ts": {"path":"C:\\Users\\jaswa\\Documents\\GitHub\\invoiceproj\\mission_control\\AWS\\auth\\auth.ts","statementMap":{"0":{"start":{"line":10,"column":0},"end":{"line":10,"column":22}},"1":{"start":{"line":33,"column":0},"end":{"line":33,"column":22}},"2":{"start":{"line":68,"column":0},"end":{"line":68,"column":16}},"3":{"start":{"line":80,"column":0},"end":{"line":80,"column":22}},"4":{"start":{"line":1,"column":0},"end":{"line":1,"column":28}},"5":{"start":{"line":2,"column":0},"end":{"line":2,"column":31}},"6":{"start":{"line":3,"column":0},"end":{"line":3,"column":36}},"7":{"start":{"line":4,"column":0},"end":{"line":4,"column":32}},"8":{"start":{"line":5,"column":0},"end":{"line":5,"column":40}},"9":{"start":{"line":7,"column":20},"end":{"line":7,"column":22}},"10":{"start":{"line":8,"column":19},"end":{"line":8,"column":53}},"11":{"start":{"line":11,"column":2},"end":{"line":13,"column":3}},"12":{"start":{"line":12,"column":4},"end":{"line":12,"column":65}},"13":{"start":{"line":15,"column":19},"end":{"line":17,"column":null}},"14":{"start":{"line":20,"column":2},"end":{"line":22,"column":3}},"15":{"start":{"line":21,"column":4},"end":{"line":21,"column":54}},"16":{"start":{"line":24,"column":25},"end":{"line":24,"column":65}},"17":{"start":{"line":25,"column":17},"end":{"line":25,"column":25}},"18":{"start":{"line":27,"column":2},"end":{"line":30,"column":4}},"19":{"start":{"line":34,"column":2},"end":{"line":36,"column":3}},"20":{"start":{"line":35,"column":4},"end":{"line":35,"column":65}},"21":{"start":{"line":39,"column":17},"end":{"line":41,"column":null}},"22":{"start":{"line":44,"column":2},"end":{"line":46,"column":3}},"23":{"start":{"line":45,"column":4},"end":{"line":45,"column":59}},"24":{"start":{"line":48,"column":15},"end":{"line":48,"column":29}},"25":{"start":{"line":51,"column":16},"end":{"line":51,"column":61}},"26":{"start":{"line":52,"column":2},"end":{"line":54,"column":3}},"27":{"start":{"line":53,"column":4},"end":{"line":53,"column":59}},"28":{"start":{"line":57,"column":16},"end":{"line":57,"column":83}},"29":{"start":{"line":60,"column":2},"end":{"line":63,"column":4}},"30":{"start":{"line":65,"column":2},"end":{"line":65,"column":19}},"31":{"start":{"line":69,"column":2},"end":{"line":71,"column":3}},"32":{"start":{"line":70,"column":4},"end":{"line":70,"column":47}},"33":{"start":{"line":73,"column":2},"end":{"line":77,"column":3}},"34":{"start":{"line":74,"column":4},"end":{"line":74,"column":34}},"35":{"start":{"line":76,"column":4},"end":{"line":76,"column":58}},"36":{"start":{"line":81,"column":2},"end":{"line":83,"column":3}},"37":{"start":{"line":82,"column":4},"end":{"line":82,"column":47}},"38":{"start":{"line":85,"column":2},"end":{"line":88,"column":4}}},"fnMap":{"0":{"name":"authRegister","decl":{"start":{"line":10,"column":22},"end":{"line":10,"column":34}},"loc":{"start":{"line":10,"column":66},"end":{"line":31,"column":null}}},"1":{"name":"authLogin","decl":{"start":{"line":33,"column":22},"end":{"line":33,"column":31}},"loc":{"start":{"line":33,"column":63},"end":{"line":66,"column":null}}},"2":{"name":"authenticate","decl":{"start":{"line":68,"column":16},"end":{"line":68,"column":28}},"loc":{"start":{"line":68,"column":54},"end":{"line":78,"column":1}}},"3":{"name":"authLogout","decl":{"start":{"line":80,"column":22},"end":{"line":80,"column":32}},"loc":{"start":{"line":80,"column":58},"end":{"line":89,"column":null}}}},"branchMap":{"0":{"loc":{"start":{"line":8,"column":19},"end":{"line":8,"column":53}},"type":"binary-expr","locations":[{"start":{"line":8,"column":19},"end":{"line":8,"column":41}},{"start":{"line":8,"column":45},"end":{"line":8,"column":53}}]},"1":{"loc":{"start":{"line":11,"column":2},"end":{"line":13,"column":3}},"type":"if","locations":[{"start":{"line":11,"column":2},"end":{"line":13,"column":3}},{"start":{},"end":{}}]},"2":{"loc":{"start":{"line":11,"column":6},"end":{"line":11,"column":25}},"type":"binary-expr","locations":[{"start":{"line":11,"column":6},"end":{"line":11,"column":12}},{"start":{"line":11,"column":16},"end":{"line":11,"column":25}}]},"3":{"loc":{"start":{"line":20,"column":2},"end":{"line":22,"column":3}},"type":"if","locations":[{"start":{"line":20,"column":2},"end":{"line":22,"column":3}},{"start":{},"end":{}}]},"4":{"loc":{"start":{"line":34,"column":2},"end":{"line":36,"column":3}},"type":"if","locations":[{"start":{"line":34,"column":2},"end":{"line":36,"column":3}},{"start":{},"end":{}}]},"5":{"loc":{"start":{"line":34,"column":6},"end":{"line":34,"column":25}},"type":"binary-expr","locations":[{"start":{"line":34,"column":6},"end":{"line":34,"column":12}},{"start":{"line":34,"column":16},"end":{"line":34,"column":25}}]},"6":{"loc":{"start":{"line":44,"column":2},"end":{"line":46,"column":3}},"type":"if","locations":[{"start":{"line":44,"column":2},"end":{"line":46,"column":3}},{"start":{},"end":{}}]},"7":{"loc":{"start":{"line":52,"column":2},"end":{"line":54,"column":3}},"type":"if","locations":[{"start":{"line":52,"column":2},"end":{"line":54,"column":3}},{"start":{},"end":{}}]},"8":{"loc":{"start":{"line":69,"column":2},"end":{"line":71,"column":3}},"type":"if","locations":[{"start":{"line":69,"column":2},"end":{"line":71,"column":3}},{"start":{},"end":{}}]},"9":{"loc":{"start":{"line":81,"column":2},"end":{"line":83,"column":3}},"type":"if","locations":[{"start":{"line":81,"column":2},"end":{"line":83,"column":3}},{"start":{},"end":{}}]}},"s":{"0":1,"1":1,"2":1,"3":1,"4":1,"5":1,"6":1,"7":1,"8":1,"9":1,"10":1,"11":3,"12":0,"13":3,"14":3,"15":0,"16":3,"17":3,"18":3,"19":3,"20":0,"21":3,"22":3,"23":0,"24":3,"25":3,"26":3,"27":0,"28":3,"29":3,"30":3,"31":0,"32":0,"33":0,"34":0,"35":0,"36":0,"37":0,"38":0},"f":{"0":3,"1":3,"2":0,"3":0},"b":{"0":[1,0],"1":[0,3],"2":[3,3],"3":[0,3],"4":[0,3],"5":[3,3],"6":[0,3],"7":[0,3],"8":[0,0],"9":[0,0]}}
,"C:\\Users\\jaswa\\Documents\\GitHub\\invoiceproj\\mission_control\\invoice-generator\\generator.ts": {"path":"C:\\Users\\jaswa\\Documents\\GitHub\\invoiceproj\\mission_control\\invoice-generator\\generator.ts","statementMap":{"0":{"start":{"line":12,"column":0},"end":{"line":12,"column":16}},"1":{"start":{"line":98,"column":0},"end":{"line":98,"column":16}},"2":{"start":{"line":130,"column":0},"end":{"line":130,"column":16}},"3":{"start":{"line":260,"column":0},"end":{"line":260,"column":22}},"4":{"start":{"line":2,"column":0},"end":{"line":2,"column":37}},"5":{"start":{"line":4,"column":0},"end":{"line":4,"column":150}},"6":{"start":{"line":5,"column":0},"end":{"line":5,"column":37}},"7":{"start":{"line":7,"column":0},"end":{"line":7,"column":58}},"8":{"start":{"line":8,"column":0},"end":{"line":8,"column":36}},"9":{"start":{"line":9,"column":0},"end":{"line":9,"column":36}},"10":{"start":{"line":14,"column":17},"end":{"line":14,"column":54}},"11":{"start":{"line":15,"column":16},"end":{"line":15,"column":28}},"12":{"start":{"line":17,"column":21},"end":{"line":17,"column":65}},"13":{"start":{"line":18,"column":22},"end":{"line":18,"column":67}},"14":{"start":{"line":20,"column":25},"end":{"line":20,"column":56}},"15":{"start":{"line":22,"column":20},"end":{"line":22,"column":58}},"16":{"start":{"line":24,"column":37},"end":{"line":92,"column":4}},"17":{"start":{"line":94,"column":2},"end":{"line":94,"column":22}},"18":{"start":{"line":99,"column":27},"end":{"line":99,"column":59}},"19":{"start":{"line":101,"column":4},"end":{"line":103,"column":5}},"20":{"start":{"line":102,"column":8},"end":{"line":102,"column":64}},"21":{"start":{"line":104,"column":23},"end":{"line":104,"column":54}},"22":{"start":{"line":106,"column":4},"end":{"line":108,"column":5}},"23":{"start":{"line":107,"column":8},"end":{"line":107,"column":60}},"24":{"start":{"line":110,"column":27},"end":{"line":110,"column":61}},"25":{"start":{"line":112,"column":4},"end":{"line":114,"column":5}},"26":{"start":{"line":113,"column":8},"end":{"line":113,"column":67}},"27":{"start":{"line":116,"column":27},"end":{"line":116,"column":59}},"28":{"start":{"line":118,"column":4},"end":{"line":120,"column":5}},"29":{"start":{"line":119,"column":8},"end":{"line":119,"column":64}},"30":{"start":{"line":122,"column":22},"end":{"line":122,"column":44}},"31":{"start":{"line":123,"column":4},"end":{"line":125,"column":5}},"32":{"start":{"line":124,"column":8},"end":{"line":124,"column":59}},"33":{"start":{"line":132,"column":18},"end":{"line":132,"column":37}},"34":{"start":{"line":134,"column":19},"end":{"line":136,"column":null}},"35":{"start":{"line":135,"column":19},"end":{"line":135,"column":50}},"36":{"start":{"line":139,"column":20},"end":{"line":139,"column":62}},"37":{"start":{"line":141,"column":16},"end":{"line":141,"column":36}},"38":{"start":{"line":143,"column":22},"end":{"line":254,"column":4}},"39":{"start":{"line":241,"column":56},"end":{"line":253,"column":6}},"40":{"start":{"line":256,"column":2},"end":{"line":256,"column":56}},"41":{"start":{"line":261,"column":4},"end":{"line":263,"column":5}},"42":{"start":{"line":262,"column":6},"end":{"line":262,"column":49}},"43":{"start":{"line":265,"column":4},"end":{"line":267,"column":5}},"44":{"start":{"line":266,"column":6},"end":{"line":266,"column":54}},"45":{"start":{"line":270,"column":4},"end":{"line":274,"column":5}},"46":{"start":{"line":271,"column":6},"end":{"line":271,"column":33}},"47":{"start":{"line":273,"column":6},"end":{"line":273,"column":54}},"48":{"start":{"line":276,"column":4},"end":{"line":276,"column":32}},"49":{"start":{"line":278,"column":30},"end":{"line":278,"column":51}},"50":{"start":{"line":279,"column":26},"end":{"line":279,"column":45}},"51":{"start":{"line":280,"column":22},"end":{"line":280,"column":30}},"52":{"start":{"line":281,"column":23},"end":{"line":283,"column":null}},"53":{"start":{"line":286,"column":4},"end":{"line":288,"column":5}},"54":{"start":{"line":287,"column":6},"end":{"line":287,"column":60}},"55":{"start":{"line":290,"column":19},"end":{"line":290,"column":44}},"56":{"start":{"line":291,"column":4},"end":{"line":291,"column":47}},"57":{"start":{"line":292,"column":19},"end":{"line":296,"column":null}},"58":{"start":{"line":302,"column":4},"end":{"line":306,"column":6}}},"fnMap":{"0":{"name":"parseOrderXML","decl":{"start":{"line":12,"column":16},"end":{"line":12,"column":29}},"loc":{"start":{"line":12,"column":41},"end":{"line":95,"column":1}}},"1":{"name":"validateInvoiceInput","decl":{"start":{"line":98,"column":16},"end":{"line":98,"column":36}},"loc":{"start":{"line":98,"column":56},"end":{"line":126,"column":1}}},"2":{"name":"create_invoice","decl":{"start":{"line":130,"column":16},"end":{"line":130,"column":30}},"loc":{"start":{"line":130,"column":50},"end":{"line":257,"column":1}}},"3":{"name":"(anonymous_11)","decl":{"start":{"line":135,"column":4},"end":{"line":135,"column":5}},"loc":{"start":{"line":135,"column":19},"end":{"line":135,"column":50}}},"4":{"name":"(anonymous_12)","decl":{"start":{"line":241,"column":38},"end":{"line":241,"column":39}},"loc":{"start":{"line":241,"column":56},"end":{"line":253,"column":6}}},"5":{"name":"generateInvoice","decl":{"start":{"line":260,"column":22},"end":{"line":260,"column":37}},"loc":{"start":{"line":260,"column":74},"end":{"line":307,"column":null}}}},"branchMap":{"0":{"loc":{"start":{"line":27,"column":10},"end":{"line":27,"column":81}},"type":"cond-expr","locations":[{"start":{"line":27,"column":74},"end":{"line":27,"column":76}},{"start":{"line":27,"column":74},"end":{"line":27,"column":81}}]},"1":{"loc":{"start":{"line":27,"column":10},"end":{"line":27,"column":76}},"type":"binary-expr","locations":[{"start":{"line":27,"column":10},"end":{"line":27,"column":76}},{"start":{"line":27,"column":74},"end":{"line":27,"column":76}}]},"2":{"loc":{"start":{"line":30,"column":8},"end":{"line":30,"column":67}},"type":"binary-expr","locations":[{"start":{"line":30,"column":8},"end":{"line":30,"column":54}},{"start":{"line":30,"column":58},"end":{"line":30,"column":67}}]},"3":{"loc":{"start":{"line":30,"column":8},"end":{"line":30,"column":54}},"type":"cond-expr","locations":[{"start":{"line":30,"column":47},"end":{"line":30,"column":49}},{"start":{"line":30,"column":47},"end":{"line":30,"column":54}}]},"4":{"loc":{"start":{"line":30,"column":8},"end":{"line":30,"column":49}},"type":"binary-expr","locations":[{"start":{"line":30,"column":8},"end":{"line":30,"column":49}},{"start":{"line":30,"column":47},"end":{"line":30,"column":49}}]},"5":{"loc":{"start":{"line":33,"column":8},"end":{"line":33,"column":70}},"type":"binary-expr","locations":[{"start":{"line":33,"column":8},"end":{"line":33,"column":64}},{"start":{"line":33,"column":68},"end":{"line":33,"column":70}}]},"6":{"loc":{"start":{"line":33,"column":8},"end":{"line":33,"column":64}},"type":"cond-expr","locations":[{"start":{"line":33,"column":57},"end":{"line":33,"column":59}},{"start":{"line":33,"column":57},"end":{"line":33,"column":64}}]},"7":{"loc":{"start":{"line":33,"column":8},"end":{"line":33,"column":59}},"type":"binary-expr","locations":[{"start":{"line":33,"column":8},"end":{"line":33,"column":59}},{"start":{"line":33,"column":57},"end":{"line":33,"column":59}}]},"8":{"loc":{"start":{"line":33,"column":8},"end":{"line":33,"column":57}},"type":"cond-expr","locations":[{"start":{"line":33,"column":33},"end":{"line":33,"column":36}},{"start":{"line":33,"column":33},"end":{"line":33,"column":57}}]},"9":{"loc":{"start":{"line":33,"column":8},"end":{"line":33,"column":36}},"type":"binary-expr","locations":[{"start":{"line":33,"column":8},"end":{"line":33,"column":36}},{"start":{"line":33,"column":33},"end":{"line":33,"column":36}}]},"10":{"loc":{"start":{"line":36,"column":8},"end":{"line":36,"column":65}},"type":"binary-expr","locations":[{"start":{"line":36,"column":8},"end":{"line":36,"column":59}},{"start":{"line":36,"column":63},"end":{"line":36,"column":65}}]},"11":{"loc":{"start":{"line":36,"column":8},"end":{"line":36,"column":59}},"type":"cond-expr","locations":[{"start":{"line":36,"column":52},"end":{"line":36,"column":54}},{"start":{"line":36,"column":52},"end":{"line":36,"column":59}}]},"12":{"loc":{"start":{"line":36,"column":8},"end":{"line":36,"column":54}},"type":"binary-expr","locations":[{"start":{"line":36,"column":8},"end":{"line":36,"column":54}},{"start":{"line":36,"column":52},"end":{"line":36,"column":54}}]},"13":{"loc":{"start":{"line":36,"column":8},"end":{"line":36,"column":52}},"type":"cond-expr","locations":[{"start":{"line":36,"column":33},"end":{"line":36,"column":36}},{"start":{"line":36,"column":33},"end":{"line":36,"column":52}}]},"14":{"loc":{"start":{"line":36,"column":8},"end":{"line":36,"column":36}},"type":"binary-expr","locations":[{"start":{"line":36,"column":8},"end":{"line":36,"column":36}},{"start":{"line":36,"column":33},"end":{"line":36,"column":36}}]},"15":{"loc":{"start":{"line":39,"column":16},"end":{"line":39,"column":55}},"type":"cond-expr","locations":[{"start":{"line":39,"column":48},"end":{"line":39,"column":50}},{"start":{"line":39,"column":48},"end":{"line":39,"column":55}}]},"16":{"loc":{"start":{"line":39,"column":16},"end":{"line":39,"column":50}},"type":"binary-expr","locations":[{"start":{"line":39,"column":16},"end":{"line":39,"column":50}},{"start":{"line":39,"column":48},"end":{"line":39,"column":50}}]},"17":{"loc":{"start":{"line":40,"column":14},"end":{"line":40,"column":51}},"type":"cond-expr","locations":[{"start":{"line":40,"column":44},"end":{"line":40,"column":46}},{"start":{"line":40,"column":44},"end":{"line":40,"column":51}}]},"18":{"loc":{"start":{"line":40,"column":14},"end":{"line":40,"column":46}},"type":"binary-expr","locations":[{"start":{"line":40,"column":14},"end":{"line":40,"column":46}},{"start":{"line":40,"column":44},"end":{"line":40,"column":46}}]},"19":{"loc":{"start":{"line":41,"column":18},"end":{"line":41,"column":57}},"type":"cond-expr","locations":[{"start":{"line":41,"column":50},"end":{"line":41,"column":52}},{"start":{"line":41,"column":50},"end":{"line":41,"column":57}}]},"20":{"loc":{"start":{"line":41,"column":18},"end":{"line":41,"column":52}},"type":"binary-expr","locations":[{"start":{"line":41,"column":18},"end":{"line":41,"column":52}},{"start":{"line":41,"column":50},"end":{"line":41,"column":52}}]},"21":{"loc":{"start":{"line":42,"column":17},"end":{"line":42,"column":79}},"type":"cond-expr","locations":[{"start":{"line":42,"column":72},"end":{"line":42,"column":74}},{"start":{"line":42,"column":72},"end":{"line":42,"column":79}}]},"22":{"loc":{"start":{"line":42,"column":17},"end":{"line":42,"column":74}},"type":"binary-expr","locations":[{"start":{"line":42,"column":17},"end":{"line":42,"column":74}},{"start":{"line":42,"column":72},"end":{"line":42,"column":74}}]},"23":{"loc":{"start":{"line":46,"column":16},"end":{"line":46,"column":55}},"type":"cond-expr","locations":[{"start":{"line":46,"column":48},"end":{"line":46,"column":50}},{"start":{"line":46,"column":48},"end":{"line":46,"column":55}}]},"24":{"loc":{"start":{"line":46,"column":16},"end":{"line":46,"column":50}},"type":"binary-expr","locations":[{"start":{"line":46,"column":16},"end":{"line":46,"column":50}},{"start":{"line":46,"column":48},"end":{"line":46,"column":50}}]},"25":{"loc":{"start":{"line":47,"column":14},"end":{"line":47,"column":51}},"type":"cond-expr","locations":[{"start":{"line":47,"column":44},"end":{"line":47,"column":46}},{"start":{"line":47,"column":44},"end":{"line":47,"column":51}}]},"26":{"loc":{"start":{"line":47,"column":14},"end":{"line":47,"column":46}},"type":"binary-expr","locations":[{"start":{"line":47,"column":14},"end":{"line":47,"column":46}},{"start":{"line":47,"column":44},"end":{"line":47,"column":46}}]},"27":{"loc":{"start":{"line":48,"column":18},"end":{"line":48,"column":57}},"type":"cond-expr","locations":[{"start":{"line":48,"column":50},"end":{"line":48,"column":52}},{"start":{"line":48,"column":50},"end":{"line":48,"column":57}}]},"28":{"loc":{"start":{"line":48,"column":18},"end":{"line":48,"column":52}},"type":"binary-expr","locations":[{"start":{"line":48,"column":18},"end":{"line":48,"column":52}},{"start":{"line":48,"column":50},"end":{"line":48,"column":52}}]},"29":{"loc":{"start":{"line":49,"column":17},"end":{"line":49,"column":79}},"type":"cond-expr","locations":[{"start":{"line":49,"column":72},"end":{"line":49,"column":74}},{"start":{"line":49,"column":72},"end":{"line":49,"column":79}}]},"30":{"loc":{"start":{"line":49,"column":17},"end":{"line":49,"column":74}},"type":"binary-expr","locations":[{"start":{"line":49,"column":17},"end":{"line":49,"column":74}},{"start":{"line":49,"column":72},"end":{"line":49,"column":74}}]},"31":{"loc":{"start":{"line":55,"column":21},"end":{"line":55,"column":68}},"type":"cond-expr","locations":[{"start":{"line":55,"column":61},"end":{"line":55,"column":63}},{"start":{"line":55,"column":61},"end":{"line":55,"column":68}}]},"32":{"loc":{"start":{"line":55,"column":21},"end":{"line":55,"column":63}},"type":"binary-expr","locations":[{"start":{"line":55,"column":21},"end":{"line":55,"column":63}},{"start":{"line":55,"column":61},"end":{"line":55,"column":63}}]},"33":{"loc":{"start":{"line":57,"column":25},"end":{"line":57,"column":57}},"type":"cond-expr","locations":[{"start":{"line":57,"column":50},"end":{"line":57,"column":52}},{"start":{"line":57,"column":50},"end":{"line":57,"column":57}}]},"34":{"loc":{"start":{"line":57,"column":25},"end":{"line":57,"column":52}},"type":"binary-expr","locations":[{"start":{"line":57,"column":25},"end":{"line":57,"column":52}},{"start":{"line":57,"column":50},"end":{"line":57,"column":52}}]},"35":{"loc":{"start":{"line":59,"column":21},"end":{"line":59,"column":69}},"type":"cond-expr","locations":[{"start":{"line":59,"column":62},"end":{"line":59,"column":64}},{"start":{"line":59,"column":62},"end":{"line":59,"column":69}}]},"36":{"loc":{"start":{"line":59,"column":21},"end":{"line":59,"column":64}},"type":"binary-expr","locations":[{"start":{"line":59,"column":21},"end":{"line":59,"column":64}},{"start":{"line":59,"column":62},"end":{"line":59,"column":64}}]},"37":{"loc":{"start":{"line":64,"column":6},"end":{"line":64,"column":76}},"type":"binary-expr","locations":[{"start":{"line":64,"column":6},"end":{"line":64,"column":67}},{"start":{"line":64,"column":71},"end":{"line":64,"column":76}}]},"38":{"loc":{"start":{"line":64,"column":6},"end":{"line":64,"column":67}},"type":"cond-expr","locations":[{"start":{"line":64,"column":55},"end":{"line":64,"column":57}},{"start":{"line":64,"column":55},"end":{"line":64,"column":67}}]},"39":{"loc":{"start":{"line":64,"column":6},"end":{"line":64,"column":57}},"type":"binary-expr","locations":[{"start":{"line":64,"column":6},"end":{"line":64,"column":57}},{"start":{"line":64,"column":55},"end":{"line":64,"column":57}}]},"40":{"loc":{"start":{"line":64,"column":6},"end":{"line":64,"column":55}},"type":"cond-expr","locations":[{"start":{"line":64,"column":42},"end":{"line":64,"column":44}},{"start":{"line":64,"column":42},"end":{"line":64,"column":55}}]},"41":{"loc":{"start":{"line":64,"column":6},"end":{"line":64,"column":44}},"type":"binary-expr","locations":[{"start":{"line":64,"column":6},"end":{"line":64,"column":44}},{"start":{"line":64,"column":42},"end":{"line":64,"column":44}}]},"42":{"loc":{"start":{"line":74,"column":8},"end":{"line":74,"column":55}},"type":"cond-expr","locations":[{"start":{"line":74,"column":48},"end":{"line":74,"column":50}},{"start":{"line":74,"column":48},"end":{"line":74,"column":55}}]},"43":{"loc":{"start":{"line":74,"column":8},"end":{"line":74,"column":50}},"type":"binary-expr","locations":[{"start":{"line":74,"column":8},"end":{"line":74,"column":50}},{"start":{"line":74,"column":48},"end":{"line":74,"column":50}}]},"44":{"loc":{"start":{"line":77,"column":8},"end":{"line":77,"column":73}},"type":"binary-expr","locations":[{"start":{"line":77,"column":8},"end":{"line":77,"column":67}},{"start":{"line":77,"column":71},"end":{"line":77,"column":73}}]},"45":{"loc":{"start":{"line":77,"column":8},"end":{"line":77,"column":67}},"type":"cond-expr","locations":[{"start":{"line":77,"column":60},"end":{"line":77,"column":62}},{"start":{"line":77,"column":60},"end":{"line":77,"column":67}}]},"46":{"loc":{"start":{"line":77,"column":8},"end":{"line":77,"column":62}},"type":"binary-expr","locations":[{"start":{"line":77,"column":8},"end":{"line":77,"column":62}},{"start":{"line":77,"column":60},"end":{"line":77,"column":62}}]},"47":{"loc":{"start":{"line":77,"column":8},"end":{"line":77,"column":60}},"type":"cond-expr","locations":[{"start":{"line":77,"column":41},"end":{"line":77,"column":44}},{"start":{"line":77,"column":41},"end":{"line":77,"column":60}}]},"48":{"loc":{"start":{"line":77,"column":8},"end":{"line":77,"column":44}},"type":"binary-expr","locations":[{"start":{"line":77,"column":8},"end":{"line":77,"column":44}},{"start":{"line":77,"column":41},"end":{"line":77,"column":44}}]},"49":{"loc":{"start":{"line":80,"column":8},"end":{"line":80,"column":73}},"type":"binary-expr","locations":[{"start":{"line":80,"column":8},"end":{"line":80,"column":67}},{"start":{"line":80,"column":71},"end":{"line":80,"column":73}}]},"50":{"loc":{"start":{"line":80,"column":8},"end":{"line":80,"column":67}},"type":"cond-expr","locations":[{"start":{"line":80,"column":60},"end":{"line":80,"column":62}},{"start":{"line":80,"column":60},"end":{"line":80,"column":67}}]},"51":{"loc":{"start":{"line":80,"column":8},"end":{"line":80,"column":62}},"type":"binary-expr","locations":[{"start":{"line":80,"column":8},"end":{"line":80,"column":62}},{"start":{"line":80,"column":60},"end":{"line":80,"column":62}}]},"52":{"loc":{"start":{"line":80,"column":8},"end":{"line":80,"column":60}},"type":"cond-expr","locations":[{"start":{"line":80,"column":41},"end":{"line":80,"column":44}},{"start":{"line":80,"column":41},"end":{"line":80,"column":60}}]},"53":{"loc":{"start":{"line":80,"column":8},"end":{"line":80,"column":44}},"type":"binary-expr","locations":[{"start":{"line":80,"column":8},"end":{"line":80,"column":44}},{"start":{"line":80,"column":41},"end":{"line":80,"column":44}}]},"54":{"loc":{"start":{"line":83,"column":16},"end":{"line":83,"column":73}},"type":"cond-expr","locations":[{"start":{"line":83,"column":66},"end":{"line":83,"column":68}},{"start":{"line":83,"column":66},"end":{"line":83,"column":73}}]},"55":{"loc":{"start":{"line":83,"column":16},"end":{"line":83,"column":68}},"type":"binary-expr","locations":[{"start":{"line":83,"column":16},"end":{"line":83,"column":68}},{"start":{"line":83,"column":66},"end":{"line":83,"column":68}}]},"56":{"loc":{"start":{"line":84,"column":14},"end":{"line":84,"column":69}},"type":"cond-expr","locations":[{"start":{"line":84,"column":62},"end":{"line":84,"column":64}},{"start":{"line":84,"column":62},"end":{"line":84,"column":69}}]},"57":{"loc":{"start":{"line":84,"column":14},"end":{"line":84,"column":64}},"type":"binary-expr","locations":[{"start":{"line":84,"column":14},"end":{"line":84,"column":64}},{"start":{"line":84,"column":62},"end":{"line":84,"column":64}}]},"58":{"loc":{"start":{"line":85,"column":18},"end":{"line":85,"column":75}},"type":"cond-expr","locations":[{"start":{"line":85,"column":68},"end":{"line":85,"column":70}},{"start":{"line":85,"column":68},"end":{"line":85,"column":75}}]},"59":{"loc":{"start":{"line":85,"column":18},"end":{"line":85,"column":70}},"type":"binary-expr","locations":[{"start":{"line":85,"column":18},"end":{"line":85,"column":70}},{"start":{"line":85,"column":68},"end":{"line":85,"column":70}}]},"60":{"loc":{"start":{"line":87,"column":10},"end":{"line":87,"column":90}},"type":"cond-expr","locations":[{"start":{"line":87,"column":83},"end":{"line":87,"column":85}},{"start":{"line":87,"column":83},"end":{"line":87,"column":90}}]},"61":{"loc":{"start":{"line":87,"column":10},"end":{"line":87,"column":85}},"type":"binary-expr","locations":[{"start":{"line":87,"column":10},"end":{"line":87,"column":85}},{"start":{"line":87,"column":83},"end":{"line":87,"column":85}}]},"62":{"loc":{"start":{"line":101,"column":4},"end":{"line":103,"column":5}},"type":"if","locations":[{"start":{"line":101,"column":4},"end":{"line":103,"column":5}},{"start":{},"end":{}}]},"63":{"loc":{"start":{"line":106,"column":4},"end":{"line":108,"column":5}},"type":"if","locations":[{"start":{"line":106,"column":4},"end":{"line":108,"column":5}},{"start":{},"end":{}}]},"64":{"loc":{"start":{"line":112,"column":4},"end":{"line":114,"column":5}},"type":"if","locations":[{"start":{"line":112,"column":4},"end":{"line":114,"column":5}},{"start":{},"end":{}}]},"65":{"loc":{"start":{"line":118,"column":4},"end":{"line":120,"column":5}},"type":"if","locations":[{"start":{"line":118,"column":4},"end":{"line":120,"column":5}},{"start":{},"end":{}}]},"66":{"loc":{"start":{"line":123,"column":4},"end":{"line":125,"column":5}},"type":"if","locations":[{"start":{"line":123,"column":4},"end":{"line":125,"column":5}},{"start":{},"end":{}}]},"67":{"loc":{"start":{"line":148,"column":13},"end":{"line":148,"column":60}},"type":"cond-expr","locations":[{"start":{"line":148,"column":31},"end":{"line":148,"column":33}},{"start":{"line":148,"column":31},"end":{"line":148,"column":60}}]},"68":{"loc":{"start":{"line":148,"column":13},"end":{"line":148,"column":33}},"type":"binary-expr","locations":[{"start":{"line":148,"column":13},"end":{"line":148,"column":33}},{"start":{"line":148,"column":31},"end":{"line":148,"column":33}}]},"69":{"loc":{"start":{"line":261,"column":4},"end":{"line":263,"column":5}},"type":"if","locations":[{"start":{"line":261,"column":4},"end":{"line":263,"column":5}},{"start":{},"end":{}}]},"70":{"loc":{"start":{"line":265,"column":4},"end":{"line":267,"column":5}},"type":"if","locations":[{"start":{"line":265,"column":4},"end":{"line":267,"column":5}},{"start":{},"end":{}}]},"71":{"loc":{"start":{"line":265,"column":8},"end":{"line":265,"column":80}},"type":"binary-expr","locations":[{"start":{"line":265,"column":8},"end":{"line":265,"column":12}},{"start":{"line":265,"column":16},"end":{"line":265,"column":33}},{"start":{"line":265,"column":37},"end":{"line":265,"column":49}},{"start":{"line":265,"column":53},"end":{"line":265,"column":80}}]},"72":{"loc":{"start":{"line":286,"column":4},"end":{"line":288,"column":5}},"type":"if","locations":[{"start":{"line":286,"column":4},"end":{"line":288,"column":5}},{"start":{},"end":{}}]}},"s":{"0":1,"1":1,"2":1,"3":1,"4":1,"5":1,"6":1,"7":1,"8":1,"9":1,"10":1,"11":1,"12":1,"13":1,"14":1,"15":1,"16":1,"17":1,"18":0,"19":0,"20":0,"21":0,"22":0,"23":0,"24":0,"25":0,"26":0,"27":0,"28":0,"29":0,"30":0,"31":0,"32":0,"33":1,"34":1,"35":1,"36":1,"37":1,"38":1,"39":1,"40":1,"41":0,"42":0,"43":0,"44":0,"45":0,"46":0,"47":0,"48":0,"49":0,"50":0,"51":0,"52":0,"53":0,"54":0,"55":0,"56":0,"57":0,"58":0},"f":{"0":1,"1":0,"2":1,"3":1,"4":1,"5":0},"b":{"0":[0,1],"1":[1,1],"2":[1,0],"3":[0,1],"4":[1,1],"5":[1,0],"6":[0,1],"7":[1,1],"8":[0,1],"9":[1,1],"10":[1,0],"11":[0,1],"12":[1,1],"13":[0,1],"14":[1,1],"15":[0,1],"16":[1,1],"17":[0,1],"18":[1,1],"19":[0,1],"20":[1,1],"21":[0,1],"22":[1,1],"23":[0,1],"24":[1,1],"25":[0,1],"26":[1,1],"27":[0,1],"28":[1,1],"29":[0,1],"30":[1,1],"31":[0,1],"32":[1,1],"33":[0,1],"34":[1,1],"35":[0,1],"36":[1,1],"37":[1,0],"38":[0,1],"39":[1,1],"40":[0,1],"41":[1,1],"42":[0,1],"43":[1,1],"44":[1,0],"45":[0,1],"46":[1,1],"47":[0,1],"48":[1,1],"49":[1,0],"50":[0,1],"51":[1,1],"52":[0,1],"53":[1,1],"54":[0,1],"55":[1,1],"56":[0,1],"57":[1,1],"58":[0,1],"59":[1,1],"60":[0,1],"61":[1,1],"62":[0,0],"63":[0,0],"64":[0,0],"65":[0,0],"66":[0,0],"67":[0,1],"68":[1,1],"69":[0,0],"70":[0,0],"71":[0,0,0,0],"72":[0,0]}}
,"C:\\Users\\jaswa\\Documents\\GitHub\\invoiceproj\\mission_control\\validationEngine\\validation.ts": {"path":"C:\\Users\\jaswa\\Documents\\GitHub\\invoiceproj\\mission_control\\validationEngine\\validation.ts","statementMap":{"0":{"start":{"line":8,"column":0},"end":{"line":8,"column":16}},"1":{"start":{"line":35,"column":0},"end":{"line":35,"column":16}},"2":{"start":{"line":61,"column":0},"end":{"line":61,"column":16}},"3":{"start":{"line":92,"column":0},"end":{"line":92,"column":16}},"4":{"start":{"line":117,"column":0},"end":{"line":117,"column":16}},"5":{"start":{"line":140,"column":0},"end":{"line":140,"column":16}},"6":{"start":{"line":2,"column":0},"end":{"line":2,"column":55}},"7":{"start":{"line":4,"column":20},"end":{"line":4,"column":48}},"8":{"start":{"line":5,"column":20},"end":{"line":5,"column":45}},"9":{"start":{"line":6,"column":27},"end":{"line":6,"column":39}},"10":{"start":{"line":9,"column":36},"end":{"line":9,"column":38}},"11":{"start":{"line":11,"column":2},"end":{"line":14,"column":3}},"12":{"start":{"line":12,"column":4},"end":{"line":12,"column":82}},"13":{"start":{"line":13,"column":4},"end":{"line":13,"column":18}},"14":{"start":{"line":16,"column":2},"end":{"line":18,"column":3}},"15":{"start":{"line":17,"column":4},"end":{"line":17,"column":80}},"16":{"start":{"line":20,"column":2},"end":{"line":22,"column":3}},"17":{"start":{"line":21,"column":4},"end":{"line":21,"column":76}},"18":{"start":{"line":24,"column":2},"end":{"line":26,"column":3}},"19":{"start":{"line":25,"column":4},"end":{"line":25,"column":84}},"20":{"start":{"line":28,"column":2},"end":{"line":30,"column":3}},"21":{"start":{"line":29,"column":4},"end":{"line":29,"column":82}},"22":{"start":{"line":32,"column":2},"end":{"line":32,"column":16}},"23":{"start":{"line":36,"column":36},"end":{"line":36,"column":38}},"24":{"start":{"line":37,"column":2},"end":{"line":40,"column":3}},"25":{"start":{"line":38,"column":4},"end":{"line":38,"column":87}},"26":{"start":{"line":39,"column":4},"end":{"line":39,"column":18}},"27":{"start":{"line":42,"column":2},"end":{"line":44,"column":3}},"28":{"start":{"line":43,"column":4},"end":{"line":43,"column":98}},"29":{"start":{"line":46,"column":2},"end":{"line":48,"column":5}},"30":{"start":{"line":47,"column":4},"end":{"line":47,"column":60}},"31":{"start":{"line":50,"column":2},"end":{"line":52,"column":3}},"32":{"start":{"line":51,"column":4},"end":{"line":51,"column":84}},"33":{"start":{"line":54,"column":2},"end":{"line":56,"column":3}},"34":{"start":{"line":55,"column":4},"end":{"line":55,"column":92}},"35":{"start":{"line":58,"column":2},"end":{"line":58,"column":16}},"36":{"start":{"line":62,"column":36},"end":{"line":62,"column":38}},"37":{"start":{"line":64,"column":2},"end":{"line":67,"column":3}},"38":{"start":{"line":65,"column":4},"end":{"line":65,"column":96}},"39":{"start":{"line":66,"column":4},"end":{"line":66,"column":18}},"40":{"start":{"line":69,"column":2},"end":{"line":71,"column":3}},"41":{"start":{"line":70,"column":4},"end":{"line":70,"column":103}},"42":{"start":{"line":73,"column":2},"end":{"line":75,"column":3}},"43":{"start":{"line":74,"column":4},"end":{"line":74,"column":112}},"44":{"start":{"line":77,"column":2},"end":{"line":79,"column":3}},"45":{"start":{"line":78,"column":4},"end":{"line":78,"column":111}},"46":{"start":{"line":81,"column":2},"end":{"line":83,"column":5}},"47":{"start":{"line":82,"column":4},"end":{"line":82,"column":62}},"48":{"start":{"line":85,"column":2},"end":{"line":87,"column":5}},"49":{"start":{"line":86,"column":4},"end":{"line":86,"column":63}},"50":{"start":{"line":89,"column":2},"end":{"line":89,"column":16}},"51":{"start":{"line":93,"column":36},"end":{"line":93,"column":38}},"52":{"start":{"line":94,"column":2},"end":{"line":97,"column":3}},"53":{"start":{"line":95,"column":4},"end":{"line":95,"column":99}},"54":{"start":{"line":96,"column":4},"end":{"line":96,"column":18}},"55":{"start":{"line":99,"column":2},"end":{"line":112,"column":5}},"56":{"start":{"line":100,"column":14},"end":{"line":100,"column":34}},"57":{"start":{"line":101,"column":4},"end":{"line":103,"column":5}},"58":{"start":{"line":102,"column":6},"end":{"line":102,"column":102}},"59":{"start":{"line":105,"column":4},"end":{"line":107,"column":5}},"60":{"start":{"line":106,"column":6},"end":{"line":106,"column":110}},"61":{"start":{"line":109,"column":4},"end":{"line":111,"column":5}},"62":{"start":{"line":110,"column":6},"end":{"line":110,"column":115}},"63":{"start":{"line":114,"column":2},"end":{"line":114,"column":16}},"64":{"start":{"line":118,"column":36},"end":{"line":118,"column":38}},"65":{"start":{"line":119,"column":2},"end":{"line":121,"column":3}},"66":{"start":{"line":120,"column":4},"end":{"line":120,"column":102}},"67":{"start":{"line":123,"column":2},"end":{"line":134,"column":3}},"68":{"start":{"line":124,"column":4},"end":{"line":126,"column":5}},"69":{"start":{"line":125,"column":6},"end":{"line":125,"column":113}},"70":{"start":{"line":128,"column":4},"end":{"line":133,"column":5}},"71":{"start":{"line":129,"column":6},"end":{"line":132,"column":18}},"72":{"start":{"line":136,"column":2},"end":{"line":136,"column":16}},"73":{"start":{"line":141,"column":36},"end":{"line":141,"column":38}},"74":{"start":{"line":143,"column":2},"end":{"line":146,"column":3}},"75":{"start":{"line":144,"column":4},"end":{"line":144,"column":83}},"76":{"start":{"line":145,"column":4},"end":{"line":145,"column":18}},"77":{"start":{"line":148,"column":2},"end":{"line":150,"column":3}},"78":{"start":{"line":149,"column":4},"end":{"line":149,"column":83}},"79":{"start":{"line":152,"column":2},"end":{"line":154,"column":3}},"80":{"start":{"line":153,"column":4},"end":{"line":153,"column":114}},"81":{"start":{"line":156,"column":2},"end":{"line":158,"column":3}},"82":{"start":{"line":157,"column":4},"end":{"line":157,"column":120}},"83":{"start":{"line":160,"column":2},"end":{"line":160,"column":16}}},"fnMap":{"0":{"name":"validateAddress","decl":{"start":{"line":8,"column":16},"end":{"line":8,"column":31}},"loc":{"start":{"line":8,"column":48},"end":{"line":33,"column":1}}},"1":{"name":"validateFromDetails","decl":{"start":{"line":35,"column":16},"end":{"line":35,"column":35}},"loc":{"start":{"line":35,"column":53},"end":{"line":59,"column":1}}},"2":{"name":"(anonymous_2)","decl":{"start":{"line":46,"column":40},"end":{"line":46,"column":41}},"loc":{"start":{"line":46,"column":44},"end":{"line":48,"column":3}}},"3":{"name":"validateCustomer","decl":{"start":{"line":61,"column":16},"end":{"line":61,"column":32}},"loc":{"start":{"line":61,"column":62},"end":{"line":90,"column":1}}},"4":{"name":"(anonymous_4)","decl":{"start":{"line":81,"column":51},"end":{"line":81,"column":52}},"loc":{"start":{"line":81,"column":55},"end":{"line":83,"column":3}}},"5":{"name":"(anonymous_5)","decl":{"start":{"line":85,"column":52},"end":{"line":85,"column":53}},"loc":{"start":{"line":85,"column":56},"end":{"line":87,"column":3}}},"6":{"name":"validateLineItems","decl":{"start":{"line":92,"column":16},"end":{"line":92,"column":33}},"loc":{"start":{"line":92,"column":54},"end":{"line":115,"column":1}}},"7":{"name":"(anonymous_7)","decl":{"start":{"line":99,"column":19},"end":{"line":99,"column":20}},"loc":{"start":{"line":99,"column":35},"end":{"line":112,"column":3}}},"8":{"name":"validateCurrency","decl":{"start":{"line":117,"column":16},"end":{"line":117,"column":32}},"loc":{"start":{"line":117,"column":95},"end":{"line":137,"column":1}}},"9":{"name":"validateTax","decl":{"start":{"line":140,"column":16},"end":{"line":140,"column":27}},"loc":{"start":{"line":140,"column":43},"end":{"line":161,"column":1}}}},"branchMap":{"0":{"loc":{"start":{"line":11,"column":2},"end":{"line":14,"column":3}},"type":"if","locations":[{"start":{"line":11,"column":2},"end":{"line":14,"column":3}},{"start":{},"end":{}}]},"1":{"loc":{"start":{"line":16,"column":2},"end":{"line":18,"column":3}},"type":"if","locations":[{"start":{"line":16,"column":2},"end":{"line":18,"column":3}},{"start":{},"end":{}}]},"2":{"loc":{"start":{"line":20,"column":2},"end":{"line":22,"column":3}},"type":"if","locations":[{"start":{"line":20,"column":2},"end":{"line":22,"column":3}},{"start":{},"end":{}}]},"3":{"loc":{"start":{"line":24,"column":2},"end":{"line":26,"column":3}},"type":"if","locations":[{"start":{"line":24,"column":2},"end":{"line":26,"column":3}},{"start":{},"end":{}}]},"4":{"loc":{"start":{"line":28,"column":2},"end":{"line":30,"column":3}},"type":"if","locations":[{"start":{"line":28,"column":2},"end":{"line":30,"column":3}},{"start":{},"end":{}}]},"5":{"loc":{"start":{"line":37,"column":2},"end":{"line":40,"column":3}},"type":"if","locations":[{"start":{"line":37,"column":2},"end":{"line":40,"column":3}},{"start":{},"end":{}}]},"6":{"loc":{"start":{"line":42,"column":2},"end":{"line":44,"column":3}},"type":"if","locations":[{"start":{"line":42,"column":2},"end":{"line":44,"column":3}},{"start":{},"end":{}}]},"7":{"loc":{"start":{"line":50,"column":2},"end":{"line":52,"column":3}},"type":"if","locations":[{"start":{"line":50,"column":2},"end":{"line":52,"column":3}},{"start":{},"end":{}}]},"8":{"loc":{"start":{"line":54,"column":2},"end":{"line":56,"column":3}},"type":"if","locations":[{"start":{"line":54,"column":2},"end":{"line":56,"column":3}},{"start":{},"end":{}}]},"9":{"loc":{"start":{"line":64,"column":2},"end":{"line":67,"column":3}},"type":"if","locations":[{"start":{"line":64,"column":2},"end":{"line":67,"column":3}},{"start":{},"end":{}}]},"10":{"loc":{"start":{"line":69,"column":2},"end":{"line":71,"column":3}},"type":"if","locations":[{"start":{"line":69,"column":2},"end":{"line":71,"column":3}},{"start":{},"end":{}}]},"11":{"loc":{"start":{"line":73,"column":2},"end":{"line":75,"column":3}},"type":"if","locations":[{"start":{"line":73,"column":2},"end":{"line":75,"column":3}},{"start":{},"end":{}}]},"12":{"loc":{"start":{"line":73,"column":6},"end":{"line":73,"column":76}},"type":"binary-expr","locations":[{"start":{"line":73,"column":6},"end":{"line":73,"column":39}},{"start":{"line":73,"column":43},"end":{"line":73,"column":76}}]},"13":{"loc":{"start":{"line":77,"column":2},"end":{"line":79,"column":3}},"type":"if","locations":[{"start":{"line":77,"column":2},"end":{"line":79,"column":3}},{"start":{},"end":{}}]},"14":{"loc":{"start":{"line":77,"column":6},"end":{"line":77,"column":76}},"type":"binary-expr","locations":[{"start":{"line":77,"column":6},"end":{"line":77,"column":39}},{"start":{"line":77,"column":43},"end":{"line":77,"column":76}}]},"15":{"loc":{"start":{"line":94,"column":2},"end":{"line":97,"column":3}},"type":"if","locations":[{"start":{"line":94,"column":2},"end":{"line":97,"column":3}},{"start":{},"end":{}}]},"16":{"loc":{"start":{"line":101,"column":4},"end":{"line":103,"column":5}},"type":"if","locations":[{"start":{"line":101,"column":4},"end":{"line":103,"column":5}},{"start":{},"end":{}}]},"17":{"loc":{"start":{"line":105,"column":4},"end":{"line":107,"column":5}},"type":"if","locations":[{"start":{"line":105,"column":4},"end":{"line":107,"column":5}},{"start":{},"end":{}}]},"18":{"loc":{"start":{"line":109,"column":4},"end":{"line":111,"column":5}},"type":"if","locations":[{"start":{"line":109,"column":4},"end":{"line":111,"column":5}},{"start":{},"end":{}}]},"19":{"loc":{"start":{"line":119,"column":2},"end":{"line":121,"column":3}},"type":"if","locations":[{"start":{"line":119,"column":2},"end":{"line":121,"column":3}},{"start":{},"end":{}}]},"20":{"loc":{"start":{"line":123,"column":2},"end":{"line":134,"column":3}},"type":"if","locations":[{"start":{"line":123,"column":2},"end":{"line":134,"column":3}},{"start":{},"end":{}}]},"21":{"loc":{"start":{"line":123,"column":6},"end":{"line":123,"column":61}},"type":"binary-expr","locations":[{"start":{"line":123,"column":6},"end":{"line":123,"column":32}},{"start":{"line":123,"column":36},"end":{"line":123,"column":61}}]},"22":{"loc":{"start":{"line":124,"column":4},"end":{"line":126,"column":5}},"type":"if","locations":[{"start":{"line":124,"column":4},"end":{"line":126,"column":5}},{"start":{},"end":{}}]},"23":{"loc":{"start":{"line":128,"column":4},"end":{"line":133,"column":5}},"type":"if","locations":[{"start":{"line":128,"column":4},"end":{"line":133,"column":5}},{"start":{},"end":{}}]},"24":{"loc":{"start":{"line":128,"column":8},"end":{"line":128,"column":42}},"type":"binary-expr","locations":[{"start":{"line":128,"column":8},"end":{"line":128,"column":21}},{"start":{"line":128,"column":25},"end":{"line":128,"column":42}}]},"25":{"loc":{"start":{"line":143,"column":2},"end":{"line":146,"column":3}},"type":"if","locations":[{"start":{"line":143,"column":2},"end":{"line":146,"column":3}},{"start":{},"end":{}}]},"26":{"loc":{"start":{"line":148,"column":2},"end":{"line":150,"column":3}},"type":"if","locations":[{"start":{"line":148,"column":2},"end":{"line":150,"column":3}},{"start":{},"end":{}}]},"27":{"loc":{"start":{"line":152,"column":2},"end":{"line":154,"column":3}},"type":"if","locations":[{"start":{"line":152,"column":2},"end":{"line":154,"column":3}},{"start":{},"end":{}}]},"28":{"loc":{"start":{"line":156,"column":2},"end":{"line":158,"column":3}},"type":"if","locations":[{"start":{"line":156,"column":2},"end":{"line":158,"column":3}},{"start":{},"end":{}}]},"29":{"loc":{"start":{"line":156,"column":6},"end":{"line":156,"column":54}},"type":"binary-expr","locations":[{"start":{"line":156,"column":6},"end":{"line":156,"column":27}},{"start":{"line":156,"column":31},"end":{"line":156,"column":54}}]}},"s":{"0":2,"1":2,"2":2,"3":2,"4":2,"5":2,"6":2,"7":2,"8":2,"9":2,"10":25,"11":25,"12":3,"13":3,"14":22,"15":2,"16":22,"17":1,"18":22,"19":1,"20":22,"21":1,"22":22,"23":6,"24":6,"25":1,"26":1,"27":5,"28":1,"29":5,"30":1,"31":5,"32":1,"33":5,"34":1,"35":5,"36":8,"37":8,"38":1,"39":1,"40":7,"41":1,"42":7,"43":2,"44":7,"45":1,"46":7,"47":1,"48":7,"49":1,"50":7,"51":7,"52":7,"53":1,"54":1,"55":6,"56":6,"57":6,"58":1,"59":6,"60":2,"61":6,"62":2,"63":6,"64":5,"65":5,"66":1,"67":5,"68":3,"69":1,"70":3,"71":1,"72":5,"73":6,"74":6,"75":1,"76":1,"77":5,"78":1,"79":5,"80":1,"81":5,"82":2,"83":5},"f":{"0":25,"1":6,"2":1,"3":8,"4":1,"5":1,"6":7,"7":6,"8":5,"9":6},"b":{"0":[3,22],"1":[2,20],"2":[1,21],"3":[1,21],"4":[1,21],"5":[1,5],"6":[1,4],"7":[1,4],"8":[1,4],"9":[1,7],"10":[1,6],"11":[2,5],"12":[7,6],"13":[1,6],"14":[7,7],"15":[1,6],"16":[1,5],"17":[2,4],"18":[2,4],"19":[1,4],"20":[3,2],"21":[5,3],"22":[1,2],"23":[1,2],"24":[3,2],"25":[1,5],"26":[1,4],"27":[1,4],"28":[2,3],"29":[5,4]}}
,"C:\\Users\\jaswa\\Documents\\GitHub\\invoiceproj\\mission_control\\validationEngine\\validationHelpers.ts": {"path":"C:\\Users\\jaswa\\Documents\\GitHub\\invoiceproj\\mission_control\\validationEngine\\validationHelpers.ts","statementMap":{"0":{"start":{"line":1,"column":0},"end":{"line":1,"column":16}},"1":{"start":{"line":2,"column":4},"end":{"line":2,"column":35}}},"fnMap":{"0":{"name":"isNonEmptyString","decl":{"start":{"line":1,"column":16},"end":{"line":1,"column":32}},"loc":{"start":{"line":1,"column":46},"end":{"line":3,"column":1}}}},"branchMap":{},"s":{"0":2,"1":140},"f":{"0":140},"b":{}}
}
