TN:
SF:AWS/datastore.ts
FNF:0
FNH:0
DA:1,1
DA:2,1
DA:4,1
DA:6,1
DA:17,1
LF:5
LH:5
BRDA:8,0,0,1
BRDA:8,0,1,0
BRF:2
BRH:1
end_of_record
TN:
SF:invoice-generator/generator.ts
FN:9,parseOrderXML
FN:93,validateInvoiceInput
FN:125,create_invoice
FN:194,(anonymous_4)
FN:211,generateInvoice
FNF:5
FNH:5
FNDA:1,parseOrderXML
FNDA:1,validateInvoiceInput
FNDA:2,create_invoice
FNDA:2,(anonymous_4)
FNDA:1,generateInvoice
DA:2,1
DA:3,1
DA:4,1
DA:5,1
DA:6,1
DA:9,1
DA:11,1
DA:12,1
DA:14,1
DA:15,1
DA:17,1
DA:19,1
DA:21,1
DA:91,1
DA:93,1
DA:94,1
DA:96,1
DA:97,0
DA:99,1
DA:101,1
DA:102,0
DA:105,1
DA:107,1
DA:108,0
DA:111,1
DA:113,1
DA:114,0
DA:117,1
DA:118,1
DA:119,0
DA:125,1
DA:127,2
DA:128,2
DA:129,2
DA:132,2
DA:133,2
DA:135,2
DA:136,2
DA:137,2
DA:194,2
DA:203,2
DA:205,2
DA:206,2
DA:211,1
DA:212,1
DA:213,1
DA:214,1
DA:217,0
DA:224,1
DA:225,1
DA:226,1
DA:227,1
DA:228,1
DA:229,0
DA:231,1
DA:232,1
LF:56
LH:49
BRDA:24,0,0,0
BRDA:24,0,1,1
BRDA:24,1,0,1
BRDA:24,1,1,1
BRDA:27,2,0,1
BRDA:27,2,1,0
BRDA:27,3,0,0
BRDA:27,3,1,1
BRDA:27,4,0,1
BRDA:27,4,1,1
BRDA:30,5,0,1
BRDA:30,5,1,0
BRDA:30,6,0,0
BRDA:30,6,1,1
BRDA:30,7,0,1
BRDA:30,7,1,1
BRDA:30,8,0,0
BRDA:30,8,1,1
BRDA:30,9,0,1
BRDA:30,9,1,1
BRDA:33,10,0,1
BRDA:33,10,1,0
BRDA:33,11,0,0
BRDA:33,11,1,1
BRDA:33,12,0,1
BRDA:33,12,1,1
BRDA:33,13,0,0
BRDA:33,13,1,1
BRDA:33,14,0,1
BRDA:33,14,1,1
BRDA:36,15,0,0
BRDA:36,15,1,1
BRDA:36,16,0,1
BRDA:36,16,1,1
BRDA:37,17,0,0
BRDA:37,17,1,1
BRDA:37,18,0,1
BRDA:37,18,1,1
BRDA:38,19,0,0
BRDA:38,19,1,1
BRDA:38,20,0,1
BRDA:38,20,1,1
BRDA:39,21,0,0
BRDA:39,21,1,1
BRDA:39,22,0,1
BRDA:39,22,1,1
BRDA:43,23,0,0
BRDA:43,23,1,1
BRDA:43,24,0,1
BRDA:43,24,1,1
BRDA:44,25,0,0
BRDA:44,25,1,1
BRDA:44,26,0,1
BRDA:44,26,1,1
BRDA:45,27,0,0
BRDA:45,27,1,1
BRDA:45,28,0,1
BRDA:45,28,1,1
BRDA:46,29,0,0
BRDA:46,29,1,1
BRDA:46,30,0,1
BRDA:46,30,1,1
BRDA:52,31,0,0
BRDA:52,31,1,1
BRDA:52,32,0,1
BRDA:52,32,1,1
BRDA:54,33,0,0
BRDA:54,33,1,1
BRDA:54,34,0,1
BRDA:54,34,1,1
BRDA:56,35,0,0
BRDA:56,35,1,1
BRDA:56,36,0,1
BRDA:56,36,1,1
BRDA:61,37,0,1
BRDA:61,37,1,0
BRDA:61,38,0,0
BRDA:61,38,1,1
BRDA:61,39,0,1
BRDA:61,39,1,1
BRDA:61,40,0,0
BRDA:61,40,1,1
BRDA:61,41,0,1
BRDA:61,41,1,1
BRDA:71,42,0,0
BRDA:71,42,1,1
BRDA:71,43,0,1
BRDA:71,43,1,1
BRDA:74,44,0,1
BRDA:74,44,1,0
BRDA:74,45,0,0
BRDA:74,45,1,1
BRDA:74,46,0,1
BRDA:74,46,1,1
BRDA:74,47,0,0
BRDA:74,47,1,1
BRDA:74,48,0,1
BRDA:74,48,1,1
BRDA:77,49,0,1
BRDA:77,49,1,0
BRDA:77,50,0,0
BRDA:77,50,1,1
BRDA:77,51,0,1
BRDA:77,51,1,1
BRDA:77,52,0,0
BRDA:77,52,1,1
BRDA:77,53,0,1
BRDA:77,53,1,1
BRDA:80,54,0,0
BRDA:80,54,1,1
BRDA:80,55,0,1
BRDA:80,55,1,1
BRDA:81,56,0,0
BRDA:81,56,1,1
BRDA:81,57,0,1
BRDA:81,57,1,1
BRDA:82,58,0,0
BRDA:82,58,1,1
BRDA:82,59,0,1
BRDA:82,59,1,1
BRDA:84,60,0,0
BRDA:84,60,1,1
BRDA:84,61,0,1
BRDA:84,61,1,1
BRDA:96,62,0,0
BRDA:96,62,1,1
BRDA:101,63,0,0
BRDA:101,63,1,1
BRDA:107,64,0,0
BRDA:107,64,1,1
BRDA:113,65,0,0
BRDA:113,65,1,1
BRDA:118,66,0,0
BRDA:118,66,1,1
BRDA:168,67,0,0
BRDA:168,67,1,2
BRDA:168,68,0,2
BRDA:168,68,1,2
BRDA:169,69,0,0
BRDA:169,69,1,2
BRDA:169,70,0,2
BRDA:169,70,1,2
BRDA:170,71,0,0
BRDA:170,71,1,2
BRDA:170,72,0,2
BRDA:170,72,1,2
BRDA:171,73,0,0
BRDA:171,73,1,2
BRDA:171,74,0,2
BRDA:171,74,1,2
BRDA:219,75,0,0
BRDA:219,75,1,0
BRDA:228,76,0,0
BRDA:228,76,1,1
BRF:154
BRH:108
end_of_record
TN:
SF:src/helpers/validationHelpers.ts
FN:1,isNonEmptyString
FNF:1
FNH:1
FNDA:21,isNonEmptyString
DA:1,1
DA:2,21
LF:2
LH:2
BRF:0
BRH:0
end_of_record
